# Logfile created on Mon Jan 07 14:34:36 -0500 2008 by /


Processing MainController#index (for 71.126.150.53 at 2008-01-07 14:34:38) [GET]
  Session ID: 298535e77617c7747a5ef85e3003468a
  Parameters: {"action"=>"index", "controller"=>"main"}
Filter chain halted as [#<Proc:0x01976944@./script/../config/../vendor/rails/actionpack/lib/action_controller/filters.rb:597>] did not yield.
Response body was encoded with gzip
Completed in 0.00065 (1543 reqs/sec) | Rendering: 0.00004 (6%) | 401 Unauthorized [http://71.126.150.53/]


Processing MainController#index (for 71.126.150.53 at 2008-01-07 14:34:38) [GET]
  Session ID: 7a6647908b3ae8aa6b5fcfcc312ae36a
  Parameters: {"action"=>"index", "controller"=>"main"}
Filter chain halted as [#<Proc:0x01976944@./script/../config/../vendor/rails/actionpack/lib/action_controller/filters.rb:597>] did not yield.
Response body was encoded with gzip
Completed in 0.00101 (992 reqs/sec) | Rendering: 0.00008 (7%) | 401 Unauthorized [http://71.126.150.53/]


Processing MainController#index (for 71.126.150.53 at 2008-01-07 14:34:43) [GET]
  Session ID: 7a6647908b3ae8aa6b5fcfcc312ae36a
  Parameters: {"action"=>"index", "controller"=>"main"}
Rendering  within layouts/default
Rendering main/index
Response body was encoded with gzip
Completed in 0.14562 (6 reqs/sec) | Rendering: 0.00383 (2%) | 200 OK [http://71.126.150.53/]


Processing InboxController#add (for 71.126.150.53 at 2008-01-07 14:34:49) [POST]
  Session ID: 7a6647908b3ae8aa6b5fcfcc312ae36a
  Parameters: {"action"=>"add", "controller"=>"inbox", "inbox_item_name"=>"test"}
Filter chain halted as [#<Proc:0x01976944@./script/../config/../vendor/rails/actionpack/lib/action_controller/filters.rb:597>] did not yield.
Response body was encoded with gzip
Completed in 0.00056 (1792 reqs/sec) | Rendering: 0.00004 (6%) | 401 Unauthorized [http://71.126.150.53/inbox/add]


Processing InboxController#add (for 71.126.150.53 at 2008-01-07 14:34:50) [POST]
  Session ID: 7a6647908b3ae8aa6b5fcfcc312ae36a
  Parameters: {"action"=>"add", "controller"=>"inbox", "inbox_item_name"=>"test"}


RuntimeError (Unknown property, element or command: 'start'):
    .//vendor/rb-appscript-0.5.0/src/lib/appscript.rb:661:in `method_missing'
    .//app/controllers/inbox_controller.rb:15:in `add'
    .//vendor/rails/actionpack/lib/action_controller/base.rb:1095:in `send'
    .//vendor/rails/actionpack/lib/action_controller/base.rb:1095:in `perform_action_without_filters'
    .//vendor/rails/actionpack/lib/action_controller/filters.rb:632:in `call_filter'
    .//vendor/rails/actionpack/lib/action_controller/filters.rb:638:in `call_filter'
    .//vendor/rails/actionpack/lib/action_controller/filters.rb:600:in `call'
    .//vendor/rails/actionpack/lib/action_controller/filters.rb:600:in `proxy_before_and_after_filter'
    .//vendor/rails/actionpack/lib/action_controller/filters.rb:470:in `call'
    .//vendor/rails/actionpack/lib/action_controller/filters.rb:470:in `call'
    .//vendor/rails/actionpack/lib/action_controller/filters.rb:637:in `call_filter'
    .//vendor/rails/actionpack/lib/action_controller/filters.rb:638:in `call_filter'
    .//vendor/rails/actionpack/lib/action_controller/filters.rb:449:in `call'
    .//vendor/rails/actionpack/lib/action_controller/filters.rb:637:in `call_filter'
    .//vendor/rails/actionpack/lib/action_controller/filters.rb:619:in `perform_action_without_benchmark'
    .//vendor/rails/actionpack/lib/action_controller/benchmarking.rb:66:in `perform_action_without_rescue'
    /System/Library/Frameworks/Ruby.framework/Versions/1.8/usr/lib/ruby/1.8/benchmark.rb:293:in `measure'
    .//vendor/rails/actionpack/lib/action_controller/benchmarking.rb:66:in `perform_action_without_rescue'
    .//vendor/rails/actionpack/lib/action_controller/rescue.rb:83:in `perform_action'
    .//vendor/rails/actionpack/lib/action_controller/base.rb:430:in `send'
    .//vendor/rails/actionpack/lib/action_controller/base.rb:430:in `process_without_filters'
    .//vendor/rails/actionpack/lib/action_controller/filters.rb:624:in `process_without_session_management_support'
    .//vendor/rails/actionpack/lib/action_controller/session_management.rb:114:in `process'
    .//vendor/rails/actionpack/lib/action_controller/base.rb:330:in `process'
    .//vendor/rails/railties/lib/dispatcher.rb:41:in `dispatch'
    /System/Library/Frameworks/Ruby.framework/Versions/1.8/usr/lib/ruby/gems/1.8/gems/mongrel-1.0.1/lib/mongrel/rails.rb:78:in `process'
    /System/Library/Frameworks/Ruby.framework/Versions/1.8/usr/lib/ruby/gems/1.8/gems/mongrel-1.0.1/lib/mongrel/rails.rb:76:in `synchronize'
    /System/Library/Frameworks/Ruby.framework/Versions/1.8/usr/lib/ruby/gems/1.8/gems/mongrel-1.0.1/lib/mongrel/rails.rb:76:in `process'
    /System/Library/Frameworks/Ruby.framework/Versions/1.8/usr/lib/ruby/gems/1.8/gems/mongrel-1.0.1/lib/mongrel.rb:618:in `process_client'
    /System/Library/Frameworks/Ruby.framework/Versions/1.8/usr/lib/ruby/gems/1.8/gems/mongrel-1.0.1/lib/mongrel.rb:617:in `each'
    /System/Library/Frameworks/Ruby.framework/Versions/1.8/usr/lib/ruby/gems/1.8/gems/mongrel-1.0.1/lib/mongrel.rb:617:in `process_client'
    /System/Library/Frameworks/Ruby.framework/Versions/1.8/usr/lib/ruby/gems/1.8/gems/mongrel-1.0.1/lib/mongrel.rb:736:in `run'
    /System/Library/Frameworks/Ruby.framework/Versions/1.8/usr/lib/ruby/gems/1.8/gems/mongrel-1.0.1/lib/mongrel.rb:736:in `initialize'
    /System/Library/Frameworks/Ruby.framework/Versions/1.8/usr/lib/ruby/gems/1.8/gems/mongrel-1.0.1/lib/mongrel.rb:736:in `new'
    /System/Library/Frameworks/Ruby.framework/Versions/1.8/usr/lib/ruby/gems/1.8/gems/mongrel-1.0.1/lib/mongrel.rb:736:in `run'
    /System/Library/Frameworks/Ruby.framework/Versions/1.8/usr/lib/ruby/gems/1.8/gems/mongrel-1.0.1/lib/mongrel.rb:720:in `initialize'
    /System/Library/Frameworks/Ruby.framework/Versions/1.8/usr/lib/ruby/gems/1.8/gems/mongrel-1.0.1/lib/mongrel.rb:720:in `new'
    /System/Library/Frameworks/Ruby.framework/Versions/1.8/usr/lib/ruby/gems/1.8/gems/mongrel-1.0.1/lib/mongrel.rb:720:in `run'
    /System/Library/Frameworks/Ruby.framework/Versions/1.8/usr/lib/ruby/gems/1.8/gems/mongrel-1.0.1/lib/mongrel/configurator.rb:271:in `run'
    /System/Library/Frameworks/Ruby.framework/Versions/1.8/usr/lib/ruby/gems/1.8/gems/mongrel-1.0.1/lib/mongrel/configurator.rb:270:in `each'
    /System/Library/Frameworks/Ruby.framework/Versions/1.8/usr/lib/ruby/gems/1.8/gems/mongrel-1.0.1/lib/mongrel/configurator.rb:270:in `run'
    /System/Library/Frameworks/Ruby.framework/Versions/1.8/usr/lib/ruby/gems/1.8/gems/mongrel-1.0.1/bin/mongrel_rails:127:in `run'
    /System/Library/Frameworks/Ruby.framework/Versions/1.8/usr/lib/ruby/gems/1.8/gems/mongrel-1.0.1/lib/mongrel/command.rb:211:in `run'
    /System/Library/Frameworks/Ruby.framework/Versions/1.8/usr/lib/ruby/gems/1.8/gems/mongrel-1.0.1/bin/mongrel_rails:243
    .//vendor/rails/activesupport/lib/active_support/dependencies.rb:488:in `load'
    .//vendor/rails/activesupport/lib/active_support/dependencies.rb:488:in `load'
    .//vendor/rails/activesupport/lib/active_support/dependencies.rb:342:in `new_constants_in'
    .//vendor/rails/activesupport/lib/active_support/dependencies.rb:488:in `load'
    .//vendor/rails/railties/lib/commands/servers/mongrel.rb:60
    /System/Library/Frameworks/Ruby.framework/Versions/1.8/usr/lib/ruby/1.8/rubygems/custom_require.rb:27:in `gem_original_require'
    /System/Library/Frameworks/Ruby.framework/Versions/1.8/usr/lib/ruby/1.8/rubygems/custom_require.rb:27:in `require'
    .//vendor/rails/activesupport/lib/active_support/dependencies.rb:495:in `require'
    .//vendor/rails/activesupport/lib/active_support/dependencies.rb:342:in `new_constants_in'
    .//vendor/rails/activesupport/lib/active_support/dependencies.rb:495:in `require'
    .//vendor/rails/railties/lib/commands/server.rb:39
    script/server:3:in `require'
    script/server:3


Rendering ./script/../config/../vendor/rails/actionpack/lib/action_controller/templates/rescues/layout.rhtml (500 Internal Error)


Processing MainController#index (for 71.126.150.53 at 2008-01-07 14:37:22) [GET]
  Session ID: 64b59ade986226d3891eea0b5d00bef3
  Parameters: {"action"=>"index", "controller"=>"main"}
Filter chain halted as [#<Proc:0x01976674@./script/../config/../vendor/rails/actionpack/lib/action_controller/filters.rb:597>] did not yield.
Response body was encoded with gzip
Completed in 0.00067 (1490 reqs/sec) | Rendering: 0.00004 (6%) | 401 Unauthorized [http://71.126.150.53/]


Processing MainController#index (for 71.126.150.53 at 2008-01-07 14:37:22) [GET]
  Session ID: e13566cbc4de1fbe129883bf38667d46
  Parameters: {"action"=>"index", "controller"=>"main"}
Filter chain halted as [#<Proc:0x01976674@./script/../config/../vendor/rails/actionpack/lib/action_controller/filters.rb:597>] did not yield.
Response body was encoded with gzip
Completed in 0.00061 (1642 reqs/sec) | Rendering: 0.00005 (7%) | 401 Unauthorized [http://71.126.150.53/]


Processing MainController#index (for 71.126.150.53 at 2008-01-07 14:37:26) [GET]
  Session ID: e13566cbc4de1fbe129883bf38667d46
  Parameters: {"action"=>"index", "controller"=>"main"}
Rendering  within layouts/default
Rendering main/index
Response body was encoded with gzip
Completed in 0.11267 (8 reqs/sec) | Rendering: 0.00370 (3%) | 200 OK [http://71.126.150.53/]


Processing InboxController#add (for 71.126.150.53 at 2008-01-07 14:37:31) [POST]
  Session ID: e13566cbc4de1fbe129883bf38667d46
  Parameters: {"action"=>"add", "controller"=>"inbox", "inbox_item_name"=>"test"}
Filter chain halted as [#<Proc:0x01976674@./script/../config/../vendor/rails/actionpack/lib/action_controller/filters.rb:597>] did not yield.
Response body was encoded with gzip
Completed in 0.00055 (1811 reqs/sec) | Rendering: 0.00004 (7%) | 401 Unauthorized [http://71.126.150.53/inbox/add]


Processing InboxController#add (for 71.126.150.53 at 2008-01-07 14:37:31) [POST]
  Session ID: e13566cbc4de1fbe129883bf38667d46
  Parameters: {"action"=>"add", "controller"=>"inbox", "inbox_item_name"=>"test"}
Rendered context/_action (0.00239)
Rendered context/_action (0.00037)
Rendered context/_action (0.00037)
Rendered context/_action (0.00036)
Rendered context/_action (0.00057)
Rendered context/_action (0.00047)
Rendered context/_action (0.00048)
Rendered context/_action (0.00064)
Rendered context/_action (0.00047)
Rendered inbox/_inbox (0.00818)
Response body was encoded with gzip
Completed in 0.12917 (7 reqs/sec) | Rendering: 0.00855 (6%) | 200 OK [http://71.126.150.53/inbox/add]


Processing MainController#index (for 71.126.150.53 at 2008-01-07 14:39:36) [GET]
  Session ID: e13566cbc4de1fbe129883bf38667d46
  Parameters: {"action"=>"index", "controller"=>"main"}
Filter chain halted as [#<Proc:0x01976674@./script/../config/../vendor/rails/actionpack/lib/action_controller/filters.rb:597>] did not yield.
Response body was encoded with gzip
Completed in 0.00064 (1557 reqs/sec) | Rendering: 0.00004 (6%) | 401 Unauthorized [http://71.126.150.53/]


Processing MainController#index (for 71.126.150.53 at 2008-01-07 14:39:36) [GET]
  Session ID: e13566cbc4de1fbe129883bf38667d46
  Parameters: {"action"=>"index", "controller"=>"main"}
Rendering  within layouts/default
Rendering main/index
Response body was encoded with gzip
Completed in 0.09181 (10 reqs/sec) | Rendering: 0.00365 (3%) | 200 OK [http://71.126.150.53/]


Processing InboxController#index (for 71.126.150.53 at 2008-01-07 14:39:39) [GET]
  Session ID: e13566cbc4de1fbe129883bf38667d46
  Parameters: {"action"=>"index", "controller"=>"inbox"}
Filter chain halted as [#<Proc:0x01976674@./script/../config/../vendor/rails/actionpack/lib/action_controller/filters.rb:597>] did not yield.
Response body was encoded with gzip
Completed in 0.00059 (1689 reqs/sec) | Rendering: 0.00004 (6%) | 401 Unauthorized [http://71.126.150.53/inbox]


Processing InboxController#index (for 71.126.150.53 at 2008-01-07 14:39:39) [GET]
  Session ID: e13566cbc4de1fbe129883bf38667d46
  Parameters: {"action"=>"index", "controller"=>"inbox"}
Rendered context/_action (0.00231)
Rendered context/_action (0.00038)
Rendered context/_action (0.00047)
Rendered context/_action (0.00047)
Rendered context/_action (0.00046)
Rendered context/_action (0.00052)
Rendered context/_action (0.00052)
Rendered inbox/_inbox (0.00688)
Response body was encoded with gzip
Completed in 0.03505 (28 reqs/sec) | Rendering: 0.00723 (20%) | 200 OK [http://71.126.150.53/inbox]


Processing MainController#index (for 71.126.150.53 at 2008-01-10 20:22:38) [GET]
  Session ID: fd64828a414dc94cd6b7f49d5744d19e
  Parameters: {"action"=>"index", "controller"=>"main"}
Filter chain halted as [#<Proc:0x01976520@./script/../config/../vendor/rails/actionpack/lib/action_controller/filters.rb:597>] did not yield.
Response body was encoded with gzip
Completed in 0.00110 (909 reqs/sec) | Rendering: 0.00007 (6%) | 401 Unauthorized [http://sleight42gtd.gotdns.org/]


Processing MainController#index (for 71.126.150.53 at 2008-01-10 20:22:38) [GET]
  Session ID: ccdccd2c7136a0aa1cb30eee05e10e24
  Parameters: {"action"=>"index", "controller"=>"main"}
Filter chain halted as [#<Proc:0x01976520@./script/../config/../vendor/rails/actionpack/lib/action_controller/filters.rb:597>] did not yield.
Response body was encoded with gzip
Completed in 0.00098 (1023 reqs/sec) | Rendering: 0.00007 (7%) | 401 Unauthorized [http://sleight42gtd.gotdns.org/]


Processing MainController#index (for 71.126.150.53 at 2008-01-10 20:22:42) [GET]
  Session ID: ccdccd2c7136a0aa1cb30eee05e10e24
  Parameters: {"action"=>"index", "controller"=>"main"}
Rendering  within layouts/default
Rendering main/index
Response body was encoded with gzip
Completed in 0.32038 (3 reqs/sec) | Rendering: 0.00364 (1%) | 200 OK [http://sleight42gtd.gotdns.org/]


Processing InboxController#add (for 71.126.150.53 at 2008-01-10 20:22:50) [POST]
  Session ID: ccdccd2c7136a0aa1cb30eee05e10e24
  Parameters: {"action"=>"add", "controller"=>"inbox", "inbox_item_name"=>"test"}
Rendered context/_action (0.00255)
Rendered context/_action (0.00038)
Rendered context/_action (0.00035)
Rendered context/_action (0.00047)
Rendered context/_action (0.00046)
Rendered context/_action (0.00046)
Rendered context/_action (0.00046)
Rendered context/_action (0.00047)
Rendered context/_action (0.00036)
Rendered inbox/_inbox (0.00835)
Response body was encoded with gzip
Completed in 0.27320 (3 reqs/sec) | Rendering: 0.00876 (3%) | 200 OK [http://sleight42gtd.gotdns.org/inbox/add]


Processing ContextController#toggle_checkbox (for 71.126.150.53 at 2008-01-10 20:22:53) [POST]
  Session ID: ccdccd2c7136a0aa1cb30eee05e10e24
  Parameters: {"action"=>"toggle_checkbox", "id"=>"fxfv7ie7HdE", "controller"=>"context"}
Rendering context/toggle_checkbox
Response body was encoded with gzip
Completed in 0.08067 (12 reqs/sec) | Rendering: 0.00616 (7%) | 200 OK [http://sleight42gtd.gotdns.org/context/toggle_checkbox/fxfv7ie7HdE]
