** Daemonized, any open files are closed.  Look at script/../config/../tmp/pids/mongrel.pid and log/mongrel.log for info.
** Starting Mongrel listening at 0.0.0.0:3000
/System/Library/Frameworks/Ruby.framework/Versions/1.8/usr/lib/ruby/gems/1.8/gems/mongrel-1.1.4/bin/../lib/mongrel/tcphack.rb:12:in `initialize_without_backlog': Address already in use - bind(2) (Errno::EADDRINUSE)
	from /System/Library/Frameworks/Ruby.framework/Versions/1.8/usr/lib/ruby/gems/1.8/gems/mongrel-1.1.4/bin/../lib/mongrel/tcphack.rb:12:in `initialize'
	from /System/Library/Frameworks/Ruby.framework/Versions/1.8/usr/lib/ruby/gems/1.8/gems/mongrel-1.1.4/bin/../lib/mongrel.rb:93:in `new'
	from /System/Library/Frameworks/Ruby.framework/Versions/1.8/usr/lib/ruby/gems/1.8/gems/mongrel-1.1.4/bin/../lib/mongrel.rb:93:in `initialize'
	from /System/Library/Frameworks/Ruby.framework/Versions/1.8/usr/lib/ruby/gems/1.8/gems/mongrel-1.1.4/bin/../lib/mongrel/configurator.rb:139:in `new'
	from /System/Library/Frameworks/Ruby.framework/Versions/1.8/usr/lib/ruby/gems/1.8/gems/mongrel-1.1.4/bin/../lib/mongrel/configurator.rb:139:in `listener'
	from /System/Library/Frameworks/Ruby.framework/Versions/1.8/usr/lib/ruby/gems/1.8/gems/mongrel-1.1.4/bin/mongrel_rails:99:in `cloaker_'
	from /System/Library/Frameworks/Ruby.framework/Versions/1.8/usr/lib/ruby/gems/1.8/gems/mongrel-1.1.4/bin/../lib/mongrel/configurator.rb:50:in `call'
	from /System/Library/Frameworks/Ruby.framework/Versions/1.8/usr/lib/ruby/gems/1.8/gems/mongrel-1.1.4/bin/../lib/mongrel/configurator.rb:50:in `initialize'
	from /System/Library/Frameworks/Ruby.framework/Versions/1.8/usr/lib/ruby/gems/1.8/gems/mongrel-1.1.4/bin/mongrel_rails:84:in `new'
	from /System/Library/Frameworks/Ruby.framework/Versions/1.8/usr/lib/ruby/gems/1.8/gems/mongrel-1.1.4/bin/mongrel_rails:84:in `run'
	from /System/Library/Frameworks/Ruby.framework/Versions/1.8/usr/lib/ruby/gems/1.8/gems/mongrel-1.1.4/bin/../lib/mongrel/command.rb:212:in `run'
	from /System/Library/Frameworks/Ruby.framework/Versions/1.8/usr/lib/ruby/gems/1.8/gems/mongrel-1.1.4/bin/mongrel_rails:281
	from /usr/bin/mongrel_rails:19:in `load'
	from /usr/bin/mongrel_rails:19
** Daemonized, any open files are closed.  Look at script/../config/../tmp/pids/mongrel.pid and log/mongrel.log for info.
** Starting Mongrel listening at 0.0.0.0:3000
** Starting Rails with development environment...
LOAD_PATH = projects/mongrel_experimental/lib//System/Library/Frameworks/Ruby.framework/Versions/1.8/usr/lib/ruby/gems/1.8/gems/mongrel-1.1.4/bin/../lib/Library/Ruby/Gems/1.8/gems/gem_plugin-0.2.3/bin/Library/Ruby/Gems/1.8/gems/gem_plugin-0.2.3/lib/Library/Ruby/Gems/1.8/gems/daemons-1.0.9/bin/Library/Ruby/Gems/1.8/gems/daemons-1.0.9/lib/Library/Ruby/Gems/1.8/gems/fastthread-1.0.1/bin/Library/Ruby/Gems/1.8/gems/fastthread-1.0.1/lib/Library/Ruby/Gems/1.8/gems/fastthread-1.0.1/ext/Library/Ruby/Gems/1.8/gems/cgi_multipart_eof_fix-2.5.0/bin/Library/Ruby/Gems/1.8/gems/cgi_multipart_eof_fix-2.5.0/lib/System/Library/Frameworks/Ruby.framework/Versions/1.8/usr/lib/ruby/gems/1.8/gems/mongrel-1.1.4/bin/System/Library/Frameworks/Ruby.framework/Versions/1.8/usr/lib/ruby/gems/1.8/gems/mongrel-1.1.4/lib/System/Library/Frameworks/Ruby.framework/Versions/1.8/usr/lib/ruby/gems/1.8/gems/mongrel-1.1.4/ext/Library/Ruby/Site/1.8/Library/Ruby/Site/1.8/powerpc-darwin9.0/Library/Ruby/Site/1.8/universal-darwin9.0/Library/Ruby/Site/System/Library/Frameworks/Ruby.framework/Versions/1.8/usr/lib/ruby/1.8/System/Library/Frameworks/Ruby.framework/Versions/1.8/usr/lib/ruby/1.8/powerpc-darwin9.0/System/Library/Frameworks/Ruby.framework/Versions/1.8/usr/lib/ruby/1.8/universal-darwin9.0.
Environment:
MANPATH = /usr/share/man:/usr/local/share/man:/usr/X11/man
TERM_PROGRAM = Apple_Terminal
TERM = xterm-color
SHELL = /bin/bash
TMPDIR = /var/folders/lE/lEfT9-tlEcOsSqMqreL9zE+++TI/-Tmp-/
Apple_PubSub_Socket_Render = /tmp/launch-m08iW4/Render
TERM_PROGRAM_VERSION = 240
OLDPWD = /Users/dusty
USER = dusty
COMMAND_MODE = unix2003
SSH_AUTH_SOCK = /tmp/launch-SJq1mw/Listeners
__CF_USER_TEXT_ENCODING = 0x1F5:0:0
PATH = /usr/bin:/bin:/usr/sbin:/sbin:/usr/local/bin:/usr/X11/bin:/user/dusty/backup/todo/
PWD = /Users/dusty/Projects/OmniFocus-Web-UI/trunk
LANG = en_US.UTF-8
SHLVL = 1
HOME = /Users/dusty
LOGNAME = dusty
DISPLAY = /tmp/launch-SHanxv/:0
_ = /usr/bin/ruby
RAILS_ENV = development
** Rails loaded.
** Loading any Rails specific GemPlugins
** Signals ready.  TERM => stop.  USR2 => restart.  INT => stop (no restart).
** Rails signals registered.  HUP => reload (without restart).  It might not work well.
** Mongrel 1.1.4 available at 0.0.0.0:3000
** Writing PID file to script/../config/../tmp/pids/mongrel.pid
** Daemonized, any open files are closed.  Look at script/../config/../tmp/pids/mongrel.pid and log/mongrel.log for info.
** Starting Mongrel listening at 0.0.0.0:3000
** Starting Rails with development environment...
LOAD_PATH = projects/mongrel_experimental/lib//System/Library/Frameworks/Ruby.framework/Versions/1.8/usr/lib/ruby/gems/1.8/gems/mongrel-1.1.4/bin/../lib/Library/Ruby/Gems/1.8/gems/gem_plugin-0.2.3/bin/Library/Ruby/Gems/1.8/gems/gem_plugin-0.2.3/lib/Library/Ruby/Gems/1.8/gems/daemons-1.0.9/bin/Library/Ruby/Gems/1.8/gems/daemons-1.0.9/lib/Library/Ruby/Gems/1.8/gems/fastthread-1.0.1/bin/Library/Ruby/Gems/1.8/gems/fastthread-1.0.1/lib/Library/Ruby/Gems/1.8/gems/fastthread-1.0.1/ext/Library/Ruby/Gems/1.8/gems/cgi_multipart_eof_fix-2.5.0/bin/Library/Ruby/Gems/1.8/gems/cgi_multipart_eof_fix-2.5.0/lib/System/Library/Frameworks/Ruby.framework/Versions/1.8/usr/lib/ruby/gems/1.8/gems/mongrel-1.1.4/bin/System/Library/Frameworks/Ruby.framework/Versions/1.8/usr/lib/ruby/gems/1.8/gems/mongrel-1.1.4/lib/System/Library/Frameworks/Ruby.framework/Versions/1.8/usr/lib/ruby/gems/1.8/gems/mongrel-1.1.4/ext/Library/Ruby/Site/1.8/Library/Ruby/Site/1.8/powerpc-darwin9.0/Library/Ruby/Site/1.8/universal-darwin9.0/Library/Ruby/Site/System/Library/Frameworks/Ruby.framework/Versions/1.8/usr/lib/ruby/1.8/System/Library/Frameworks/Ruby.framework/Versions/1.8/usr/lib/ruby/1.8/powerpc-darwin9.0/System/Library/Frameworks/Ruby.framework/Versions/1.8/usr/lib/ruby/1.8/universal-darwin9.0.
Environment:
MANPATH = /usr/share/man:/usr/local/share/man:/usr/X11/man
TERM_PROGRAM = Apple_Terminal
TERM = xterm-color
SHELL = /bin/bash
TMPDIR = /var/folders/lE/lEfT9-tlEcOsSqMqreL9zE+++TI/-Tmp-/
Apple_PubSub_Socket_Render = /tmp/launch-m08iW4/Render
TERM_PROGRAM_VERSION = 240
OLDPWD = /Users/dusty
USER = dusty
COMMAND_MODE = unix2003
SSH_AUTH_SOCK = /tmp/launch-SJq1mw/Listeners
__CF_USER_TEXT_ENCODING = 0x1F5:0:0
PATH = /usr/bin:/bin:/usr/sbin:/sbin:/usr/local/bin:/usr/X11/bin:/user/dusty/backup/todo/
PWD = /Users/dusty/Projects/OmniFocus-Web-UI/trunk
LANG = en_US.UTF-8
SHLVL = 1
HOME = /Users/dusty
LOGNAME = dusty
DISPLAY = /tmp/launch-SHanxv/:0
_ = /usr/bin/ruby
RAILS_ENV = development
** Rails loaded.
** Loading any Rails specific GemPlugins
** Signals ready.  TERM => stop.  USR2 => restart.  INT => stop (no restart).
** Rails signals registered.  HUP => reload (without restart).  It might not work well.
** Mongrel 1.1.4 available at 0.0.0.0:3000
** Writing PID file to script/../config/../tmp/pids/mongrel.pid
** Daemonized, any open files are closed.  Look at script/../config/../tmp/pids/mongrel.pid and log/mongrel.log for info.
** Starting Mongrel listening at 0.0.0.0:3000
** Starting Rails with development environment...
LOAD_PATH = projects/mongrel_experimental/lib//System/Library/Frameworks/Ruby.framework/Versions/1.8/usr/lib/ruby/gems/1.8/gems/mongrel-1.1.4/bin/../lib/Library/Ruby/Gems/1.8/gems/gem_plugin-0.2.3/bin/Library/Ruby/Gems/1.8/gems/gem_plugin-0.2.3/lib/Library/Ruby/Gems/1.8/gems/daemons-1.0.9/bin/Library/Ruby/Gems/1.8/gems/daemons-1.0.9/lib/Library/Ruby/Gems/1.8/gems/fastthread-1.0.1/bin/Library/Ruby/Gems/1.8/gems/fastthread-1.0.1/lib/Library/Ruby/Gems/1.8/gems/fastthread-1.0.1/ext/Library/Ruby/Gems/1.8/gems/cgi_multipart_eof_fix-2.5.0/bin/Library/Ruby/Gems/1.8/gems/cgi_multipart_eof_fix-2.5.0/lib/System/Library/Frameworks/Ruby.framework/Versions/1.8/usr/lib/ruby/gems/1.8/gems/mongrel-1.1.4/bin/System/Library/Frameworks/Ruby.framework/Versions/1.8/usr/lib/ruby/gems/1.8/gems/mongrel-1.1.4/lib/System/Library/Frameworks/Ruby.framework/Versions/1.8/usr/lib/ruby/gems/1.8/gems/mongrel-1.1.4/ext/Library/Ruby/Site/1.8/Library/Ruby/Site/1.8/powerpc-darwin9.0/Library/Ruby/Site/1.8/universal-darwin9.0/Library/Ruby/Site/System/Library/Frameworks/Ruby.framework/Versions/1.8/usr/lib/ruby/1.8/System/Library/Frameworks/Ruby.framework/Versions/1.8/usr/lib/ruby/1.8/powerpc-darwin9.0/System/Library/Frameworks/Ruby.framework/Versions/1.8/usr/lib/ruby/1.8/universal-darwin9.0.
Environment:
MANPATH = /usr/share/man:/usr/local/share/man:/usr/X11/man
TERM_PROGRAM = Apple_Terminal
TERM = xterm-color
SHELL = /bin/bash
TMPDIR = /var/folders/lE/lEfT9-tlEcOsSqMqreL9zE+++TI/-Tmp-/
Apple_PubSub_Socket_Render = /tmp/launch-m08iW4/Render
TERM_PROGRAM_VERSION = 240
OLDPWD = /Users/dusty
USER = dusty
COMMAND_MODE = unix2003
GL_RESOURCES = /usr/libexec/oah/Shims
SSH_AUTH_SOCK = /tmp/launch-SJq1mw/Listeners
__CF_USER_TEXT_ENCODING = 0x1F5:0:0
PATH = /usr/bin:/bin:/usr/sbin:/sbin:/usr/local/bin:/usr/X11/bin:/user/dusty/backup/todo/
PWD = /Users/dusty/Projects/OmniFocus-Web-UI/trunk
LANG = en_US.UTF-8
SHLVL = 1
HOME = /Users/dusty
LOGNAME = dusty
DISPLAY = /tmp/launch-SHanxv/:0
_ = /usr/bin/ruby
RAILS_ENV = development
** Rails loaded.
** Loading any Rails specific GemPlugins
** Signals ready.  TERM => stop.  USR2 => restart.  INT => stop (no restart).
** Rails signals registered.  HUP => reload (without restart).  It might not work well.
** Mongrel 1.1.4 available at 0.0.0.0:3000
** Writing PID file to script/../config/../tmp/pids/mongrel.pid
